<?xml version="1.0" encoding="utf-8"?><testsuites name="pytest tests"><testsuite name="pytest" errors="0" failures="0" skipped="0" tests="65" time="9.437" timestamp="2026-08-30T11:31:37.712228+00:00" hostname="agent-env-4e4c841e-f18e-48e4-8917-21ae7e787de2"><testcase classname="tests.test_upload_reviews.TestReviews" name="test_create_review_defaults_to_approved" time="0.264" /><testcase classname="tests.test_admin_gallery" name="test_admin_get_with_valid_query_key[/api/admin/verify]" time="0.186" /><testcase classname="tests.test_admin_gallery" name="test_admin_get_with_valid_query_key[/api/admin/registrations]" time="0.136" /><testcase classname="tests.test_upload_reviews.TestReviews" name="test_create_review_validation[rating-0]" time="0.103" /><testcase classname="tests.test_admin_gallery" name="test_admin_get_with_valid_query_key[/api/admin/contacts]" time="0.228" /><testcase classname="tests.test_upload_reviews.TestReviews" name="test_create_review_validation[rating-6]" time="0.062" /><testcase classname="tests.test_upload_reviews.TestReviews" name="test_create_review_validation[comment-short]" time="0.058" /><testcase classname="tests.test_upload_reviews.TestReviews" name="test_create_review_validation[name-A]" time="0.064" /><testcase classname="tests.test_admin_gallery" name="test_admin_get_with_valid_query_key[/api/admin/stats]" time="0.186" /><testcase classname="tests.test_upload_reviews.TestReviews" name="test_create_review_validation[course_name-X]" time="0.061" /><testcase classname="tests.test_upload_reviews.TestReviews" name="test_min_rating_filter_excludes_lower_rating" time="0.186" /><testcase classname="tests.test_admin_gallery" name="test_admin_get_with_valid_header_key[/api/admin/verify]" time="0.196" /><testcase classname="tests.test_upload_reviews.TestReviews" name="test_reviews_limit_param_validation" time="0.172" /><testcase classname="tests.test_admin_gallery" name="test_admin_get_with_valid_header_key[/api/admin/registrations]" time="0.115" /><testcase classname="tests.test_upload_reviews.TestReviews" name="test_admin_list_requires_key" time="0.114" /><testcase classname="tests.test_admin_gallery" name="test_admin_get_with_valid_header_key[/api/admin/contacts]" time="0.148" /><testcase classname="tests.test_upload_reviews.TestReviews" name="test_patch_hide_removes_from_public" time="0.439" /><testcase classname="tests.test_admin_gallery" name="test_admin_get_with_valid_header_key[/api/admin/stats]" time="0.128" /><testcase classname="tests.test_admin_gallery" name="test_admin_get_rejects_wrong_key[/api/admin/verify]" time="0.180" /><testcase classname="tests.test_admin_gallery" name="test_admin_get_rejects_wrong_key[/api/admin/registrations]" time="0.169" /><testcase classname="tests.test_upload_reviews.TestReviews" name="test_patch_empty_payload_400" time="0.057" /><testcase classname="tests.test_upload_reviews.TestReviews" name="test_patch_unknown_id_404" time="0.059" /><testcase classname="tests.test_upload_reviews.TestReviews" name="test_delete_review_then_404" time="0.599" /><testcase classname="tests.test_admin_gallery" name="test_admin_get_rejects_wrong_key[/api/admin/contacts]" time="0.158" /><testcase classname="tests.test_admin_gallery" name="test_admin_get_rejects_wrong_key[/api/admin/stats]" time="0.164" /><testcase classname="tests.test_admin_gallery" name="test_admin_get_rejects_missing_key[/api/admin/verify]" time="0.127" /><testcase classname="tests.test_admin_gallery" name="test_admin_get_rejects_missing_key[/api/admin/registrations]" time="0.119" /><testcase classname="tests.test_admin_gallery" name="test_admin_get_rejects_missing_key[/api/admin/contacts]" time="0.186" /><testcase classname="tests.test_upload_reviews.TestGalleryUpload" name="test_upload_requires_admin_key" time="0.060" /><testcase classname="tests.test_upload_reviews.TestGalleryUpload" name="test_upload_rejects_unsupported_extension" time="0.062" /><testcase classname="tests.test_upload_reviews.TestGalleryUpload" name="test_upload_png_success_and_persistence" time="0.388" /><testcase classname="tests.test_admin_gallery" name="test_admin_get_rejects_missing_key[/api/admin/stats]" time="0.134" /><testcase classname="tests.test_admin_gallery" name="test_admin_verify_payload" time="0.111" /><testcase classname="tests.test_admin_gallery" name="test_admin_gallery_write_endpoints_require_key" time="0.267" /><testcase classname="tests.test_upload_reviews.TestGalleryUpload" name="test_uploaded_file_is_publicly_served" time="0.214" /><testcase classname="tests.test_labkom_endpoints" name="test_root_endpoint" time="0.134" /><testcase classname="tests.test_upload_reviews.TestGalleryUpload" name="test_upload_jpg_extension_supported" time="0.409" /><testcase classname="tests.test_labkom_endpoints" name="test_material_downloads_are_pdf_attachments[1]" time="0.144" /><testcase classname="tests.test_labkom_endpoints" name="test_material_downloads_are_pdf_attachments[2]" time="0.143" /><testcase classname="tests.test_labkom_endpoints" name="test_material_downloads_are_pdf_attachments[3]" time="0.160" /><testcase classname="tests.test_upload_reviews.TestGalleryUpload" name="test_upload_missing_title_returns_422" time="0.061" /><testcase classname="tests.test_upload_reviews.TestGalleryUpload" name="test_upload_oversize_returns_413" time="0.431" /><testcase classname="tests.test_labkom_endpoints" name="test_material_downloads_are_pdf_attachments[4]" time="0.186" /><testcase classname="tests.test_labkom_endpoints" name="test_material_download_not_found" time="0.198" /><testcase classname="tests.test_upload_reviews.TestGalleryUpload" name="test_serve_unknown_file_returns_404" time="0.100" /><testcase classname="tests.test_admin_gallery.TestGalleryCRUD" name="test_create_video_item_and_verify_public_read" time="0.338" /><testcase classname="tests.test_upload_reviews.TestGalleryUpload" name="test_cleanup_uploaded_items" time="0.183" /><testcase classname="tests.test_upload_reviews.TestRegression" name="test_root" time="0.058" /><testcase classname="tests.test_upload_reviews.TestRegression" name="test_registration_and_contact" time="0.353" /><testcase classname="tests.test_admin_gallery.TestGalleryCRUD" name="test_create_photo_and_type_filter" time="0.397" /><testcase classname="tests.test_upload_reviews.TestRegression" name="test_admin_stats_and_verify" time="0.172" /><testcase classname="tests.test_admin_gallery.TestGalleryCRUD" name="test_invalid_type_rejected" time="0.173" /><testcase classname="tests.test_upload_reviews.TestRegression" name="test_admin_date_filter" time="0.120" /><testcase classname="tests.test_admin_gallery.TestGalleryCRUD" name="test_missing_required_fields_rejected" time="0.201" /><testcase classname="tests.test_upload_reviews.TestRegression" name="test_material_pdf_download" time="0.146" /><testcase classname="tests.test_admin_gallery.TestAdminListings" name="test_registrations_list_shape_and_no_object_id" time="0.527" /><testcase classname="tests.test_admin_gallery.TestGalleryCRUD" name="test_delete_item_and_verify_removal" time="0.867" /><testcase classname="tests.test_admin_gallery.TestAdminListings" name="test_contacts_list_shape_and_no_object_id" time="0.324" /><testcase classname="tests.test_admin_gallery.TestAdminListings" name="test_date_filter_includes_today_and_excludes_past_window" time="0.716" /><testcase classname="tests.test_labkom_endpoints.TestRegistrations" name="test_registration_notification_fields_and_persistence" time="0.430" /><testcase classname="tests.test_labkom_endpoints.TestRegistrations" name="test_registration_with_email_and_note" time="0.366" /><testcase classname="tests.test_admin_gallery.TestAdminListings" name="test_stats_counts_are_ints_and_match_listings" time="0.330" /><testcase classname="tests.test_labkom_endpoints.TestRegistrations" name="test_registration_validation_errors" time="0.281" /><testcase classname="tests.test_labkom_endpoints.TestContacts" name="test_contact_persistence" time="0.187" /><testcase classname="tests.test_labkom_endpoints.TestContacts" name="test_contact_validation_error" time="0.154" /></testsuite></testsuites>