<?xml version="1.0" encoding="utf-8"?><testsuites name="pytest tests"><testsuite name="pytest" errors="0" failures="0" skipped="0" tests="27" time="4.776" timestamp="2026-08-30T11:31:26.860870+00:00" hostname="agent-env-4e4c841e-f18e-48e4-8917-21ae7e787de2"><testcase classname="tests.test_upload_reviews.TestGalleryUpload" name="test_upload_requires_admin_key" time="0.349" /><testcase classname="tests.test_upload_reviews.TestReviews" name="test_create_review_defaults_to_approved" time="0.420" /><testcase classname="tests.test_upload_reviews.TestGalleryUpload" name="test_upload_rejects_unsupported_extension" time="0.065" /><testcase classname="tests.test_upload_reviews.TestGalleryUpload" name="test_upload_png_success_and_persistence" time="0.341" /><testcase classname="tests.test_upload_reviews.TestReviews" name="test_create_review_validation[rating-0]" time="0.052" /><testcase classname="tests.test_upload_reviews.TestReviews" name="test_create_review_validation[rating-6]" time="0.050" /><testcase classname="tests.test_upload_reviews.TestReviews" name="test_create_review_validation[comment-short]" time="0.057" /><testcase classname="tests.test_upload_reviews.TestReviews" name="test_create_review_validation[name-A]" time="0.051" /><testcase classname="tests.test_upload_reviews.TestReviews" name="test_create_review_validation[course_name-X]" time="0.060" /><testcase classname="tests.test_upload_reviews.TestReviews" name="test_min_rating_filter_excludes_lower_rating" time="0.198" /><testcase classname="tests.test_upload_reviews.TestGalleryUpload" name="test_uploaded_file_is_publicly_served" time="0.216" /><testcase classname="tests.test_upload_reviews.TestReviews" name="test_reviews_limit_param_validation" time="0.166" /><testcase classname="tests.test_upload_reviews.TestGalleryUpload" name="test_upload_jpg_extension_supported" time="0.504" /><testcase classname="tests.test_upload_reviews.TestReviews" name="test_admin_list_requires_key" time="0.143" /><testcase classname="tests.test_upload_reviews.TestReviews" name="test_patch_hide_removes_from_public" time="0.541" /><testcase classname="tests.test_upload_reviews.TestGalleryUpload" name="test_upload_missing_title_returns_422" time="0.107" /><testcase classname="tests.test_upload_reviews.TestGalleryUpload" name="test_upload_oversize_returns_413" time="0.530" /><testcase classname="tests.test_upload_reviews.TestReviews" name="test_patch_empty_payload_400" time="0.054" /><testcase classname="tests.test_upload_reviews.TestReviews" name="test_patch_unknown_id_404" time="0.069" /><testcase classname="tests.test_upload_reviews.TestReviews" name="test_delete_review_then_404" time="0.517" /><testcase classname="tests.test_upload_reviews.TestGalleryUpload" name="test_serve_unknown_file_returns_404" time="0.066" /><testcase classname="tests.test_upload_reviews.TestGalleryUpload" name="test_cleanup_uploaded_items" time="0.234" /><testcase classname="tests.test_upload_reviews.TestRegression" name="test_root" time="0.092" /><testcase classname="tests.test_upload_reviews.TestRegression" name="test_registration_and_contact" time="0.407" /><testcase classname="tests.test_upload_reviews.TestRegression" name="test_admin_stats_and_verify" time="0.181" /><testcase classname="tests.test_upload_reviews.TestRegression" name="test_admin_date_filter" time="0.142" /><testcase classname="tests.test_upload_reviews.TestRegression" name="test_material_pdf_download" time="0.157" /></testsuite></testsuites>