<?xml version="1.0" encoding="utf-8"?><testsuites name="pytest tests"><testsuite name="pytest" errors="0" failures="0" skipped="0" tests="11" time="3.569" timestamp="2026-08-30T10:44:42.841923+00:00" hostname="agent-env-4e4c841e-f18e-48e4-8917-21ae7e787de2"><testcase classname="tests.test_labkom_endpoints" name="test_root_endpoint" time="0.242" /><testcase classname="tests.test_labkom_endpoints.TestRegistrations" name="test_registration_notification_fields_and_persistence" time="0.626" /><testcase classname="tests.test_labkom_endpoints" name="test_material_downloads_are_pdf_attachments[1]" time="0.156" /><testcase classname="tests.test_labkom_endpoints" name="test_material_downloads_are_pdf_attachments[2]" time="0.142" /><testcase classname="tests.test_labkom_endpoints" name="test_material_downloads_are_pdf_attachments[3]" time="0.179" /><testcase classname="tests.test_labkom_endpoints.TestRegistrations" name="test_registration_with_email_and_note" time="0.394" /><testcase classname="tests.test_labkom_endpoints" name="test_material_downloads_are_pdf_attachments[4]" time="0.180" /><testcase classname="tests.test_labkom_endpoints" name="test_material_download_not_found" time="0.123" /><testcase classname="tests.test_labkom_endpoints.TestRegistrations" name="test_registration_validation_errors" time="0.303" /><testcase classname="tests.test_labkom_endpoints.TestContacts" name="test_contact_persistence" time="0.136" /><testcase classname="tests.test_labkom_endpoints.TestContacts" name="test_contact_validation_error" time="0.133" /></testsuite></testsuites>