<?xml version="1.0" encoding="utf-8"?><testsuites name="pytest tests"><testsuite name="pytest" errors="0" failures="0" skipped="0" tests="38" time="7.105" timestamp="2026-08-30T11:09:22.459807+00:00" hostname="agent-env-4e4c841e-f18e-48e4-8917-21ae7e787de2"><testcase classname="tests.test_labkom_endpoints" name="test_root_endpoint" time="0.270" /><testcase classname="tests.test_admin_gallery" name="test_admin_get_with_valid_query_key[/api/admin/verify]" time="0.322" /><testcase classname="tests.test_labkom_endpoints" name="test_material_downloads_are_pdf_attachments[1]" time="0.151" /><testcase classname="tests.test_admin_gallery" name="test_admin_get_with_valid_query_key[/api/admin/registrations]" time="0.168" /><testcase classname="tests.test_labkom_endpoints" name="test_material_downloads_are_pdf_attachments[2]" time="0.174" /><testcase classname="tests.test_admin_gallery" name="test_admin_get_with_valid_query_key[/api/admin/contacts]" time="0.175" /><testcase classname="tests.test_labkom_endpoints" name="test_material_downloads_are_pdf_attachments[3]" time="0.149" /><testcase classname="tests.test_admin_gallery" name="test_admin_get_with_valid_query_key[/api/admin/stats]" time="0.161" /><testcase classname="tests.test_labkom_endpoints" name="test_material_downloads_are_pdf_attachments[4]" time="0.200" /><testcase classname="tests.test_admin_gallery" name="test_admin_get_with_valid_header_key[/api/admin/verify]" time="0.157" /><testcase classname="tests.test_labkom_endpoints" name="test_material_download_not_found" time="0.176" /><testcase classname="tests.test_admin_gallery" name="test_admin_get_with_valid_header_key[/api/admin/registrations]" time="0.164" /><testcase classname="tests.test_admin_gallery.TestGalleryCRUD" name="test_create_video_item_and_verify_public_read" time="0.383" /><testcase classname="tests.test_admin_gallery" name="test_admin_get_with_valid_header_key[/api/admin/contacts]" time="0.179" /><testcase classname="tests.test_admin_gallery" name="test_admin_get_with_valid_header_key[/api/admin/stats]" time="0.179" /><testcase classname="tests.test_admin_gallery.TestGalleryCRUD" name="test_create_photo_and_type_filter" time="0.446" /><testcase classname="tests.test_admin_gallery" name="test_admin_get_rejects_wrong_key[/api/admin/verify]" time="0.206" /><testcase classname="tests.test_admin_gallery" name="test_admin_get_rejects_wrong_key[/api/admin/registrations]" time="0.148" /><testcase classname="tests.test_admin_gallery" name="test_admin_get_rejects_wrong_key[/api/admin/contacts]" time="0.135" /><testcase classname="tests.test_admin_gallery.TestGalleryCRUD" name="test_invalid_type_rejected" time="0.153" /><testcase classname="tests.test_admin_gallery" name="test_admin_get_rejects_wrong_key[/api/admin/stats]" time="0.193" /><testcase classname="tests.test_admin_gallery.TestGalleryCRUD" name="test_missing_required_fields_rejected" time="0.169" /><testcase classname="tests.test_admin_gallery" name="test_admin_get_rejects_missing_key[/api/admin/verify]" time="0.143" /><testcase classname="tests.test_admin_gallery.TestGalleryCRUD" name="test_delete_item_and_verify_removal" time="0.946" /><testcase classname="tests.test_admin_gallery" name="test_admin_get_rejects_missing_key[/api/admin/registrations]" time="0.145" /><testcase classname="tests.test_admin_gallery" name="test_admin_get_rejects_missing_key[/api/admin/contacts]" time="0.162" /><testcase classname="tests.test_admin_gallery" name="test_admin_get_rejects_missing_key[/api/admin/stats]" time="0.166" /><testcase classname="tests.test_admin_gallery" name="test_admin_verify_payload" time="0.153" /><testcase classname="tests.test_admin_gallery" name="test_admin_gallery_write_endpoints_require_key" time="0.289" /><testcase classname="tests.test_admin_gallery.TestAdminListings" name="test_registrations_list_shape_and_no_object_id" time="0.674" /><testcase classname="tests.test_labkom_endpoints.TestRegistrations" name="test_registration_notification_fields_and_persistence" time="0.520" /><testcase classname="tests.test_labkom_endpoints.TestRegistrations" name="test_registration_with_email_and_note" time="0.409" /><testcase classname="tests.test_admin_gallery.TestAdminListings" name="test_contacts_list_shape_and_no_object_id" time="0.309" /><testcase classname="tests.test_labkom_endpoints.TestRegistrations" name="test_registration_validation_errors" time="0.287" /><testcase classname="tests.test_admin_gallery.TestAdminListings" name="test_date_filter_includes_today_and_excludes_past_window" time="0.664" /><testcase classname="tests.test_labkom_endpoints.TestContacts" name="test_contact_persistence" time="0.170" /><testcase classname="tests.test_labkom_endpoints.TestContacts" name="test_contact_validation_error" time="0.156" /><testcase classname="tests.test_admin_gallery.TestAdminListings" name="test_stats_counts_are_ints_and_match_listings" time="0.322" /></testsuite></testsuites>